INFO:root:traf
ERROR:trafilatura.core:no metadata for URL None
WARNING:trafilatura.core:discarding data for url: None
ERROR:trafilatura.core:no metadata for URL None
WARNING:trafilatura.core:discarding data for url: None
ERROR:trafilatura.core:no metadata for URL None
WARNING:trafilatura.core:discarding data for url: None
ERROR:trafilatura.core:no metadata for URL None
WARNING:trafilatura.core:discarding data for url: None
ERROR:trafilatura.core:no metadata for URL None
WARNING:trafilatura.core:discarding data for url: None
ERROR:trafilatura.core:no metadata for URL None
WARNING:trafilatura.core:discarding data for url: None
ERROR:trafilatura.core:no metadata for URL None
WARNING:trafilatura.core:discarding data for url: None
ERROR:trafilatura.core:no metadata for URL None
WARNING:trafilatura.core:discarding data for url: None
ERROR:trafilatura.core:no metadata for URL None
WARNING:trafilatura.core:discarding data for url: None
ERROR:trafilatura.core:no metadata for URL None
WARNING:trafilatura.core:discarding data for url: None
ERROR:trafilatura.core:no metadata for URL None
WARNING:trafilatura.core:discarding data for url: None
ERROR:trafilatura.core:no metadata for URL None
WARNING:trafilatura.core:discarding data for url: None
ERROR:trafilatura.core:no metadata for URL None
WARNING:trafilatura.core:discarding data for url: None
ERROR:trafilatura.core:no metadata for URL None
WARNING:trafilatura.core:discarding data for url: None
ERROR:trafilatura.core:no metadata for URL None
WARNING:trafilatura.core:discarding data for url: None
ERROR:trafilatura.core:no metadata for URL None
WARNING:trafilatura.core:discarding data for url: None
ERROR:trafilatura.core:no metadata for URL None
WARNING:trafilatura.core:discarding data for url: None
ERROR:trafilatura.core:no metadata for URL None
WARNING:trafilatura.core:discarding data for url: None
ERROR:trafilatura.core:no metadata for URL None
WARNING:trafilatura.core:discarding data for url: None
ERROR:trafilatura.core:no metadata for URL None
WARNING:trafilatura.core:discarding data for url: None
ERROR:trafilatura.core:no metadata for URL None
WARNING:trafilatura.core:discarding data for url: None
ERROR:trafilatura.core:no metadata for URL None
WARNING:trafilatura.core:discarding data for url: None
ERROR:trafilatura.core:no metadata for URL None
WARNING:trafilatura.core:discarding data for url: None
ERROR:trafilatura.core:no metadata for URL None
WARNING:trafilatura.core:discarding data for url: None
ERROR:trafilatura.core:no metadata for URL None
WARNING:trafilatura.core:discarding data for url: None
ERROR:trafilatura.core:no metadata for URL None
WARNING:trafilatura.core:discarding data for url: None
ERROR:trafilatura.core:no metadata for URL None
WARNING:trafilatura.core:discarding data for url: None
ERROR:trafilatura.core:no metadata for URL None
WARNING:trafilatura.core:discarding data for url: None
ERROR:trafilatura.core:no metadata for URL None
WARNING:trafilatura.core:discarding data for url: None
ERROR:trafilatura.core:no metadata for URL None
WARNING:trafilatura.core:discarding data for url: None
ERROR:trafilatura.core:no metadata for URL None
WARNING:trafilatura.core:discarding data for url: None
WARNING:trafilatura.core:discarding data for url: None
WARNING:trafilatura.core:discarding data for url: None
ERROR:trafilatura.core:no metadata for URL None
WARNING:trafilatura.core:discarding data for url: None
ERROR:trafilatura.core:no metadata for URL None
WARNING:trafilatura.core:discarding data for url: None
ERROR:trafilatura.core:no metadata for URL None
WARNING:trafilatura.core:discarding data for url: None
ERROR:trafilatura.core:no metadata for URL None
WARNING:trafilatura.core:discarding data for url: None
ERROR:trafilatura.core:no metadata for URL None
WARNING:trafilatura.core:discarding data for url: None
WARNING:trafilatura.core:discarding data for url: None
ERROR:trafilatura.core:no metadata for URL None
WARNING:trafilatura.core:discarding data for url: None
ERROR:trafilatura.core:no metadata for URL None
WARNING:trafilatura.core:discarding data for url: None
ERROR:trafilatura.core:no metadata for URL None
WARNING:trafilatura.core:discarding data for url: None
ERROR:trafilatura.core:no metadata for URL None
WARNING:trafilatura.core:discarding data for url: None
ERROR:trafilatura.core:no metadata for URL None
WARNING:trafilatura.core:discarding data for url: None
ERROR:trafilatura.core:no metadata for URL None
WARNING:trafilatura.core:discarding data for url: None
ERROR:trafilatura.core:no metadata for URL None
WARNING:trafilatura.core:discarding data for url: None
INFO:root:Total time: 11.883
INFO:root:Average doc time 0.119
INFO:root:traf
WARNING:trafilatura.core:discarding data: None
WARNING:trafilatura.core:discarding data: None
WARNING:trafilatura.core:discarding data: None
WARNING:trafilatura.core:discarding data: None
WARNING:trafilatura.core:discarding data: None
WARNING:trafilatura.core:discarding data: None
WARNING:trafilatura.core:discarding data: None
WARNING:trafilatura.core:discarding data: None
WARNING:trafilatura.core:discarding data: None
WARNING:trafilatura.core:discarding data: None
INFO:root:Total time: 12.191
INFO:root:Average doc time 0.122
